Determining if the pthread_create exist failed with the following output:
Change Dir: /home/vanessaretz/Schreibtisch/raytracer/programmiersprachen-raytracer-1/cmake-build-debug/CMakeFiles/CMakeTmp

Run Build Command:"/usr/bin/make" "cmTC_cb91d/fast"
/usr/bin/make -f CMakeFiles/cmTC_cb91d.dir/build.make CMakeFiles/cmTC_cb91d.dir/build
make[1]: Verzeichnis „/home/vanessaretz/Schreibtisch/raytracer/programmiersprachen-raytracer-1/cmake-build-debug/CMakeFiles/CMakeTmp“ wird betreten
Building C object CMakeFiles/cmTC_cb91d.dir/CheckSymbolExists.c.o
/usr/bin/cc    -o CMakeFiles/cmTC_cb91d.dir/CheckSymbolExists.c.o   -c /home/vanessaretz/Schreibtisch/raytracer/programmiersprachen-raytracer-1/cmake-build-debug/CMakeFiles/CMakeTmp/CheckSymbolExists.c
Linking C executable cmTC_cb91d
/opt/clion-2018.2.6/bin/cmake/linux/bin/cmake -E cmake_link_script CMakeFiles/cmTC_cb91d.dir/link.txt --verbose=1
/usr/bin/cc      -rdynamic CMakeFiles/cmTC_cb91d.dir/CheckSymbolExists.c.o  -o cmTC_cb91d 
CMakeFiles/cmTC_cb91d.dir/CheckSymbolExists.c.o: In Funktion »main«:
CheckSymbolExists.c:(.text+0x1b): Warnung: undefinierter Verweis auf »pthread_create«
collect2: error: ld returned 1 exit status
CMakeFiles/cmTC_cb91d.dir/build.make:86: recipe for target 'cmTC_cb91d' failed
make[1]: *** [cmTC_cb91d] Error 1
make[1]: Verzeichnis „/home/vanessaretz/Schreibtisch/raytracer/programmiersprachen-raytracer-1/cmake-build-debug/CMakeFiles/CMakeTmp“ wird verlassen
Makefile:121: recipe for target 'cmTC_cb91d/fast' failed
make: *** [cmTC_cb91d/fast] Error 2

File /home/vanessaretz/Schreibtisch/raytracer/programmiersprachen-raytracer-1/cmake-build-debug/CMakeFiles/CMakeTmp/CheckSymbolExists.c:
/* */
#include <pthread.h>

int main(int argc, char** argv)
{
  (void)argv;
#ifndef pthread_create
  return ((int*)(&pthread_create))[argc];
#else
  (void)argc;
  return 0;
#endif
}

Determining if the function pthread_create exists in the pthreads failed with the following output:
Change Dir: /home/vanessaretz/Schreibtisch/raytracer/programmiersprachen-raytracer-1/cmake-build-debug/CMakeFiles/CMakeTmp

Run Build Command:"/usr/bin/make" "cmTC_33670/fast"
/usr/bin/make -f CMakeFiles/cmTC_33670.dir/build.make CMakeFiles/cmTC_33670.dir/build
make[1]: Verzeichnis „/home/vanessaretz/Schreibtisch/raytracer/programmiersprachen-raytracer-1/cmake-build-debug/CMakeFiles/CMakeTmp“ wird betreten
Building C object CMakeFiles/cmTC_33670.dir/CheckFunctionExists.c.o
/usr/bin/cc   -DCHECK_FUNCTION_EXISTS=pthread_create   -o CMakeFiles/cmTC_33670.dir/CheckFunctionExists.c.o   -c /opt/clion-2018.2.6/bin/cmake/linux/share/cmake-3.12/Modules/CheckFunctionExists.c
Linking C executable cmTC_33670
/opt/clion-2018.2.6/bin/cmake/linux/bin/cmake -E cmake_link_script CMakeFiles/cmTC_33670.dir/link.txt --verbose=1
/usr/bin/cc  -DCHECK_FUNCTION_EXISTS=pthread_create    -rdynamic CMakeFiles/cmTC_33670.dir/CheckFunctionExists.c.o  -o cmTC_33670 -lpthreads 
/usr/bin/ld: -lpthreads kann nicht gefunden werden
collect2: error: ld returned 1 exit status
CMakeFiles/cmTC_33670.dir/build.make:86: recipe for target 'cmTC_33670' failed
make[1]: *** [cmTC_33670] Error 1
make[1]: Verzeichnis „/home/vanessaretz/Schreibtisch/raytracer/programmiersprachen-raytracer-1/cmake-build-debug/CMakeFiles/CMakeTmp“ wird verlassen
Makefile:121: recipe for target 'cmTC_33670/fast' failed
make: *** [cmTC_33670/fast] Error 2


